Base path: 'C:/Program Files/Unity/Hub/Editor/6000.3.2f1/Editor/Data', plugins path 'C:/Program Files/Unity/Hub/Editor/6000.3.2f1/Editor/Data/PlaybackEngines', jobs: n
Cmd: initializeCompiler

Cmd: compileComputeKernel
  insize=2587 file=Packages/com.unity.entities.graphics/Unity.Entities.Graphics/Deformations/Resources/BlendShapeComputeShader.compute kernel=BlendShapeComputeKernel ppOnly=0 stripLineD=0 buildPlatform=19 km=<UNITY_VERSION=60030002> pKW=UNITY_ENABLE_REFLECTION_BUFFERS UNITY_USE_DITHER_MASK_FOR_ALPHABLENDED_SHADOWS UNITY_PBS_USE_BRDF1 UNITY_SPECCUBE_BOX_PROJECTION UNITY_SPECCUBE_BLENDING UNITY_ENABLE_DETAIL_NORMALMAP SHADER_API_DESKTOP UNITY_LIGHT_PROBE_PROXY_VOLUME UNITY_LIGHTMAP_FULL_HDR UNITY_PLATFORM_SUPPORTS_DEPTH_FETCH uKW=SHADER_STAGE_COMPUTE platform=d3d11 flags=0 reqs=50241 forceDXC=0 forceFXC=0 ok=1 outsize=1945

Cmd: compileComputeKernel
  insize=1695 file=Packages/com.unity.entities.graphics/Unity.Entities.Graphics/Deformations/Resources/InstantiateDeformationData.compute kernel=InstantiateDeformationDataKernel ppOnly=0 stripLineD=0 buildPlatform=19 km=<UNITY_VERSION=60030002> pKW=UNITY_ENABLE_REFLECTION_BUFFERS UNITY_USE_DITHER_MASK_FOR_ALPHABLENDED_SHADOWS UNITY_PBS_USE_BRDF1 UNITY_SPECCUBE_BOX_PROJECTION UNITY_SPECCUBE_BLENDING UNITY_ENABLE_DETAIL_NORMALMAP SHADER_API_DESKTOP UNITY_LIGHT_PROBE_PROXY_VOLUME UNITY_LIGHTMAP_FULL_HDR UNITY_PLATFORM_SUPPORTS_DEPTH_FETCH uKW=SHADER_STAGE_COMPUTE platform=d3d11 flags=0 reqs=50241 forceDXC=0 forceFXC=0 ok=1 outsize=1185

Cmd: compileComputeKernel
  insize=12081 file=Packages/com.unity.entities.graphics/Unity.Entities.Graphics/Resources/SparseUploader.compute kernel=ReplaceKernel ppOnly=0 stripLineD=0 buildPlatform=19 km=<UNITY_VERSION=60030002> pKW=UNITY_ENABLE_REFLECTION_BUFFERS UNITY_USE_DITHER_MASK_FOR_ALPHABLENDED_SHADOWS UNITY_PBS_USE_BRDF1 UNITY_SPECCUBE_BOX_PROJECTION UNITY_SPECCUBE_BLENDING UNITY_ENABLE_DETAIL_NORMALMAP SHADER_API_DESKTOP UNITY_LIGHT_PROBE_PROXY_VOLUME UNITY_LIGHTMAP_FULL_HDR UNITY_PLATFORM_SUPPORTS_DEPTH_FETCH uKW=SHADER_STAGE_COMPUTE platform=d3d11 flags=0 reqs=50241 forceDXC=0 forceFXC=0 ok=1 outsize=952

Cmd: compileComputeKernel
  insize=12081 file=Packages/com.unity.entities.graphics/Unity.Entities.Graphics/Resources/SparseUploader.compute kernel=CopyKernel ppOnly=0 stripLineD=0 buildPlatform=19 km=<UNITY_VERSION=60030002> pKW=UNITY_ENABLE_REFLECTION_BUFFERS UNITY_USE_DITHER_MASK_FOR_ALPHABLENDED_SHADOWS UNITY_PBS_USE_BRDF1 UNITY_SPECCUBE_BOX_PROJECTION UNITY_SPECCUBE_BLENDING UNITY_ENABLE_DETAIL_NORMALMAP SHADER_API_DESKTOP UNITY_LIGHT_PROBE_PROXY_VOLUME UNITY_LIGHTMAP_FULL_HDR UNITY_PLATFORM_SUPPORTS_DEPTH_FETCH uKW=SHADER_STAGE_COMPUTE platform=d3d11 flags=0 reqs=50241 forceDXC=0 forceFXC=0 ok=1 outsize=12175

Cmd: compileComputeKernel
  insize=6834 file=Packages/com.unity.entities.graphics/Unity.Entities.Graphics/Deformations/Resources/SkinningComputeShader.compute kernel=SkinningSparseComputeKernel ppOnly=0 stripLineD=0 buildPlatform=19 km=<UNITY_VERSION=60030002> pKW=UNITY_ENABLE_REFLECTION_BUFFERS UNITY_USE_DITHER_MASK_FOR_ALPHABLENDED_SHADOWS UNITY_PBS_USE_BRDF1 UNITY_SPECCUBE_BOX_PROJECTION UNITY_SPECCUBE_BLENDING UNITY_ENABLE_DETAIL_NORMALMAP SHADER_API_DESKTOP UNITY_LIGHT_PROBE_PROXY_VOLUME UNITY_LIGHTMAP_FULL_HDR UNITY_PLATFORM_SUPPORTS_DEPTH_FETCH uKW=SHADER_STAGE_COMPUTE platform=d3d11 flags=0 reqs=50241 forceDXC=0 forceFXC=0 ok=1 outsize=2621

Cmd: compileComputeKernel
  insize=6834 file=Packages/com.unity.entities.graphics/Unity.Entities.Graphics/Deformations/Resources/SkinningComputeShader.compute kernel=SkinningDense4ComputeKernel ppOnly=0 stripLineD=0 buildPlatform=19 km=<UNITY_VERSION=60030002> pKW=UNITY_ENABLE_REFLECTION_BUFFERS UNITY_USE_DITHER_MASK_FOR_ALPHABLENDED_SHADOWS UNITY_PBS_USE_BRDF1 UNITY_SPECCUBE_BOX_PROJECTION UNITY_SPECCUBE_BLENDING UNITY_ENABLE_DETAIL_NORMALMAP SHADER_API_DESKTOP UNITY_LIGHT_PROBE_PROXY_VOLUME UNITY_LIGHTMAP_FULL_HDR UNITY_PLATFORM_SUPPORTS_DEPTH_FETCH uKW=SHADER_STAGE_COMPUTE platform=d3d11 flags=0 reqs=50241 forceDXC=0 forceFXC=0 ok=1 outsize=2925

Cmd: compileComputeKernel
  insize=6834 file=Packages/com.unity.entities.graphics/Unity.Entities.Graphics/Deformations/Resources/SkinningComputeShader.compute kernel=SkinningDense2ComputeKernel ppOnly=0 stripLineD=0 buildPlatform=19 km=<UNITY_VERSION=60030002> pKW=UNITY_ENABLE_REFLECTION_BUFFERS UNITY_USE_DITHER_MASK_FOR_ALPHABLENDED_SHADOWS UNITY_PBS_USE_BRDF1 UNITY_SPECCUBE_BOX_PROJECTION UNITY_SPECCUBE_BLENDING UNITY_ENABLE_DETAIL_NORMALMAP SHADER_API_DESKTOP UNITY_LIGHT_PROBE_PROXY_VOLUME UNITY_LIGHTMAP_FULL_HDR UNITY_PLATFORM_SUPPORTS_DEPTH_FETCH uKW=SHADER_STAGE_COMPUTE platform=d3d11 flags=0 reqs=50241 forceDXC=0 forceFXC=0 ok=1 outsize=2709

Cmd: compileComputeKernel
  insize=6834 file=Packages/com.unity.entities.graphics/Unity.Entities.Graphics/Deformations/Resources/SkinningComputeShader.compute kernel=SkinningDense1ComputeKernel ppOnly=0 stripLineD=0 buildPlatform=19 km=<UNITY_VERSION=60030002> pKW=UNITY_ENABLE_REFLECTION_BUFFERS UNITY_USE_DITHER_MASK_FOR_ALPHABLENDED_SHADOWS UNITY_PBS_USE_BRDF1 UNITY_SPECCUBE_BOX_PROJECTION UNITY_SPECCUBE_BLENDING UNITY_ENABLE_DETAIL_NORMALMAP SHADER_API_DESKTOP UNITY_LIGHT_PROBE_PROXY_VOLUME UNITY_LIGHTMAP_FULL_HDR UNITY_PLATFORM_SUPPORTS_DEPTH_FETCH uKW=SHADER_STAGE_COMPUTE platform=d3d11 flags=0 reqs=50241 forceDXC=0 forceFXC=0 ok=1 outsize=2045

Cmd: initializeCompiler


Cmd: initializeCompiler

Cmd: initializeCompiler


